  AssignmentScene.cpp
C:\Users\mrina\OneDrive\Documents\Repositories\BabyPhoenix\PhysicsFramework\PhysicsFramework\HelloWorld\Matrix.h(31,20): warning C4251: 'mat3::row1': class 'vec3' needs to have dll-interface to be used by clients of class 'mat3'
C:\Users\mrina\OneDrive\Documents\Repositories\BabyPhoenix\PhysicsFramework\PhysicsFramework\HelloWorld\Vector.h(40): message : see declaration of 'vec3'
C:\Users\mrina\OneDrive\Documents\Repositories\BabyPhoenix\PhysicsFramework\PhysicsFramework\HelloWorld\Matrix.h(32,20): warning C4251: 'mat3::row2': class 'vec3' needs to have dll-interface to be used by clients of class 'mat3'
C:\Users\mrina\OneDrive\Documents\Repositories\BabyPhoenix\PhysicsFramework\PhysicsFramework\HelloWorld\Vector.h(40): message : see declaration of 'vec3'
C:\Users\mrina\OneDrive\Documents\Repositories\BabyPhoenix\PhysicsFramework\PhysicsFramework\HelloWorld\Matrix.h(33,20): warning C4251: 'mat3::row3': class 'vec3' needs to have dll-interface to be used by clients of class 'mat3'
C:\Users\mrina\OneDrive\Documents\Repositories\BabyPhoenix\PhysicsFramework\PhysicsFramework\HelloWorld\Vector.h(40): message : see declaration of 'vec3'
C:\Users\mrina\OneDrive\Documents\Repositories\BabyPhoenix\PhysicsFramework\PhysicsFramework\HelloWorld\Matrix.h(60,38): warning C4251: 'mat4::row1': class 'vec4' needs to have dll-interface to be used by clients of class 'mat4'
C:\Users\mrina\OneDrive\Documents\Repositories\BabyPhoenix\PhysicsFramework\PhysicsFramework\HelloWorld\Vector.h(66): message : see declaration of 'vec4'
C:\Users\mrina\OneDrive\Documents\Repositories\BabyPhoenix\PhysicsFramework\PhysicsFramework\HelloWorld\Matrix.h(61,38): warning C4251: 'mat4::row2': class 'vec4' needs to have dll-interface to be used by clients of class 'mat4'
C:\Users\mrina\OneDrive\Documents\Repositories\BabyPhoenix\PhysicsFramework\PhysicsFramework\HelloWorld\Vector.h(66): message : see declaration of 'vec4'
C:\Users\mrina\OneDrive\Documents\Repositories\BabyPhoenix\PhysicsFramework\PhysicsFramework\HelloWorld\Matrix.h(62,38): warning C4251: 'mat4::row3': class 'vec4' needs to have dll-interface to be used by clients of class 'mat4'
C:\Users\mrina\OneDrive\Documents\Repositories\BabyPhoenix\PhysicsFramework\PhysicsFramework\HelloWorld\Vector.h(66): message : see declaration of 'vec4'
C:\Users\mrina\OneDrive\Documents\Repositories\BabyPhoenix\PhysicsFramework\PhysicsFramework\HelloWorld\Matrix.h(63,38): warning C4251: 'mat4::row4': class 'vec4' needs to have dll-interface to be used by clients of class 'mat4'
C:\Users\mrina\OneDrive\Documents\Repositories\BabyPhoenix\PhysicsFramework\PhysicsFramework\HelloWorld\Vector.h(66): message : see declaration of 'vec4'
C:\Users\mrina\OneDrive\Documents\Repositories\BabyPhoenix\PhysicsFramework\PhysicsFramework\HelloWorld\Matrix.h(81,20): warning C4251: 'mat2::row1': class 'vec2' needs to have dll-interface to be used by clients of class 'mat2'
C:\Users\mrina\OneDrive\Documents\Repositories\BabyPhoenix\PhysicsFramework\PhysicsFramework\HelloWorld\Vector.h(7): message : see declaration of 'vec2'
C:\Users\mrina\OneDrive\Documents\Repositories\BabyPhoenix\PhysicsFramework\PhysicsFramework\HelloWorld\Matrix.h(82,20): warning C4251: 'mat2::row2': class 'vec2' needs to have dll-interface to be used by clients of class 'mat2'
C:\Users\mrina\OneDrive\Documents\Repositories\BabyPhoenix\PhysicsFramework\PhysicsFramework\HelloWorld\Vector.h(7): message : see declaration of 'vec2'
  BackEnd.cpp
C:\Users\mrina\OneDrive\Documents\Repositories\BabyPhoenix\PhysicsFramework\PhysicsFramework\HelloWorld\Matrix.h(31,20): warning C4251: 'mat3::row1': class 'vec3' needs to have dll-interface to be used by clients of class 'mat3'
C:\Users\mrina\OneDrive\Documents\Repositories\BabyPhoenix\PhysicsFramework\PhysicsFramework\HelloWorld\Vector.h(40): message : see declaration of 'vec3'
C:\Users\mrina\OneDrive\Documents\Repositories\BabyPhoenix\PhysicsFramework\PhysicsFramework\HelloWorld\Matrix.h(32,20): warning C4251: 'mat3::row2': class 'vec3' needs to have dll-interface to be used by clients of class 'mat3'
C:\Users\mrina\OneDrive\Documents\Repositories\BabyPhoenix\PhysicsFramework\PhysicsFramework\HelloWorld\Vector.h(40): message : see declaration of 'vec3'
C:\Users\mrina\OneDrive\Documents\Repositories\BabyPhoenix\PhysicsFramework\PhysicsFramework\HelloWorld\Matrix.h(33,20): warning C4251: 'mat3::row3': class 'vec3' needs to have dll-interface to be used by clients of class 'mat3'
C:\Users\mrina\OneDrive\Documents\Repositories\BabyPhoenix\PhysicsFramework\PhysicsFramework\HelloWorld\Vector.h(40): message : see declaration of 'vec3'
C:\Users\mrina\OneDrive\Documents\Repositories\BabyPhoenix\PhysicsFramework\PhysicsFramework\HelloWorld\Matrix.h(60,38): warning C4251: 'mat4::row1': class 'vec4' needs to have dll-interface to be used by clients of class 'mat4'
C:\Users\mrina\OneDrive\Documents\Repositories\BabyPhoenix\PhysicsFramework\PhysicsFramework\HelloWorld\Vector.h(66): message : see declaration of 'vec4'
C:\Users\mrina\OneDrive\Documents\Repositories\BabyPhoenix\PhysicsFramework\PhysicsFramework\HelloWorld\Matrix.h(61,38): warning C4251: 'mat4::row2': class 'vec4' needs to have dll-interface to be used by clients of class 'mat4'
C:\Users\mrina\OneDrive\Documents\Repositories\BabyPhoenix\PhysicsFramework\PhysicsFramework\HelloWorld\Vector.h(66): message : see declaration of 'vec4'
C:\Users\mrina\OneDrive\Documents\Repositories\BabyPhoenix\PhysicsFramework\PhysicsFramework\HelloWorld\Matrix.h(62,38): warning C4251: 'mat4::row3': class 'vec4' needs to have dll-interface to be used by clients of class 'mat4'
C:\Users\mrina\OneDrive\Documents\Repositories\BabyPhoenix\PhysicsFramework\PhysicsFramework\HelloWorld\Vector.h(66): message : see declaration of 'vec4'
C:\Users\mrina\OneDrive\Documents\Repositories\BabyPhoenix\PhysicsFramework\PhysicsFramework\HelloWorld\Matrix.h(63,38): warning C4251: 'mat4::row4': class 'vec4' needs to have dll-interface to be used by clients of class 'mat4'
C:\Users\mrina\OneDrive\Documents\Repositories\BabyPhoenix\PhysicsFramework\PhysicsFramework\HelloWorld\Vector.h(66): message : see declaration of 'vec4'
C:\Users\mrina\OneDrive\Documents\Repositories\BabyPhoenix\PhysicsFramework\PhysicsFramework\HelloWorld\Matrix.h(81,20): warning C4251: 'mat2::row1': class 'vec2' needs to have dll-interface to be used by clients of class 'mat2'
C:\Users\mrina\OneDrive\Documents\Repositories\BabyPhoenix\PhysicsFramework\PhysicsFramework\HelloWorld\Vector.h(7): message : see declaration of 'vec2'
C:\Users\mrina\OneDrive\Documents\Repositories\BabyPhoenix\PhysicsFramework\PhysicsFramework\HelloWorld\Matrix.h(82,20): warning C4251: 'mat2::row2': class 'vec2' needs to have dll-interface to be used by clients of class 'mat2'
C:\Users\mrina\OneDrive\Documents\Repositories\BabyPhoenix\PhysicsFramework\PhysicsFramework\HelloWorld\Vector.h(7): message : see declaration of 'vec2'
  ECS.cpp
C:\Users\mrina\OneDrive\Documents\Repositories\BabyPhoenix\PhysicsFramework\PhysicsFramework\HelloWorld\Matrix.h(31,20): warning C4251: 'mat3::row1': class 'vec3' needs to have dll-interface to be used by clients of class 'mat3'
C:\Users\mrina\OneDrive\Documents\Repositories\BabyPhoenix\PhysicsFramework\PhysicsFramework\HelloWorld\Vector.h(40): message : see declaration of 'vec3'
C:\Users\mrina\OneDrive\Documents\Repositories\BabyPhoenix\PhysicsFramework\PhysicsFramework\HelloWorld\Matrix.h(32,20): warning C4251: 'mat3::row2': class 'vec3' needs to have dll-interface to be used by clients of class 'mat3'
C:\Users\mrina\OneDrive\Documents\Repositories\BabyPhoenix\PhysicsFramework\PhysicsFramework\HelloWorld\Vector.h(40): message : see declaration of 'vec3'
C:\Users\mrina\OneDrive\Documents\Repositories\BabyPhoenix\PhysicsFramework\PhysicsFramework\HelloWorld\Matrix.h(33,20): warning C4251: 'mat3::row3': class 'vec3' needs to have dll-interface to be used by clients of class 'mat3'
C:\Users\mrina\OneDrive\Documents\Repositories\BabyPhoenix\PhysicsFramework\PhysicsFramework\HelloWorld\Vector.h(40): message : see declaration of 'vec3'
C:\Users\mrina\OneDrive\Documents\Repositories\BabyPhoenix\PhysicsFramework\PhysicsFramework\HelloWorld\Matrix.h(60,38): warning C4251: 'mat4::row1': class 'vec4' needs to have dll-interface to be used by clients of class 'mat4'
C:\Users\mrina\OneDrive\Documents\Repositories\BabyPhoenix\PhysicsFramework\PhysicsFramework\HelloWorld\Vector.h(66): message : see declaration of 'vec4'
C:\Users\mrina\OneDrive\Documents\Repositories\BabyPhoenix\PhysicsFramework\PhysicsFramework\HelloWorld\Matrix.h(61,38): warning C4251: 'mat4::row2': class 'vec4' needs to have dll-interface to be used by clients of class 'mat4'
C:\Users\mrina\OneDrive\Documents\Repositories\BabyPhoenix\PhysicsFramework\PhysicsFramework\HelloWorld\Vector.h(66): message : see declaration of 'vec4'
C:\Users\mrina\OneDrive\Documents\Repositories\BabyPhoenix\PhysicsFramework\PhysicsFramework\HelloWorld\Matrix.h(62,38): warning C4251: 'mat4::row3': class 'vec4' needs to have dll-interface to be used by clients of class 'mat4'
C:\Users\mrina\OneDrive\Documents\Repositories\BabyPhoenix\PhysicsFramework\PhysicsFramework\HelloWorld\Vector.h(66): message : see declaration of 'vec4'
C:\Users\mrina\OneDrive\Documents\Repositories\BabyPhoenix\PhysicsFramework\PhysicsFramework\HelloWorld\Matrix.h(63,38): warning C4251: 'mat4::row4': class 'vec4' needs to have dll-interface to be used by clients of class 'mat4'
C:\Users\mrina\OneDrive\Documents\Repositories\BabyPhoenix\PhysicsFramework\PhysicsFramework\HelloWorld\Vector.h(66): message : see declaration of 'vec4'
C:\Users\mrina\OneDrive\Documents\Repositories\BabyPhoenix\PhysicsFramework\PhysicsFramework\HelloWorld\Matrix.h(81,20): warning C4251: 'mat2::row1': class 'vec2' needs to have dll-interface to be used by clients of class 'mat2'
C:\Users\mrina\OneDrive\Documents\Repositories\BabyPhoenix\PhysicsFramework\PhysicsFramework\HelloWorld\Vector.h(7): message : see declaration of 'vec2'
C:\Users\mrina\OneDrive\Documents\Repositories\BabyPhoenix\PhysicsFramework\PhysicsFramework\HelloWorld\Matrix.h(82,20): warning C4251: 'mat2::row2': class 'vec2' needs to have dll-interface to be used by clients of class 'mat2'
C:\Users\mrina\OneDrive\Documents\Repositories\BabyPhoenix\PhysicsFramework\PhysicsFramework\HelloWorld\Vector.h(7): message : see declaration of 'vec2'
  EffectManager.cpp
C:\Users\mrina\OneDrive\Documents\Repositories\BabyPhoenix\PhysicsFramework\PhysicsFramework\HelloWorld\Matrix.h(31,20): warning C4251: 'mat3::row1': class 'vec3' needs to have dll-interface to be used by clients of class 'mat3'
C:\Users\mrina\OneDrive\Documents\Repositories\BabyPhoenix\PhysicsFramework\PhysicsFramework\HelloWorld\Vector.h(40): message : see declaration of 'vec3'
C:\Users\mrina\OneDrive\Documents\Repositories\BabyPhoenix\PhysicsFramework\PhysicsFramework\HelloWorld\Matrix.h(32,20): warning C4251: 'mat3::row2': class 'vec3' needs to have dll-interface to be used by clients of class 'mat3'
C:\Users\mrina\OneDrive\Documents\Repositories\BabyPhoenix\PhysicsFramework\PhysicsFramework\HelloWorld\Vector.h(40): message : see declaration of 'vec3'
C:\Users\mrina\OneDrive\Documents\Repositories\BabyPhoenix\PhysicsFramework\PhysicsFramework\HelloWorld\Matrix.h(33,20): warning C4251: 'mat3::row3': class 'vec3' needs to have dll-interface to be used by clients of class 'mat3'
C:\Users\mrina\OneDrive\Documents\Repositories\BabyPhoenix\PhysicsFramework\PhysicsFramework\HelloWorld\Vector.h(40): message : see declaration of 'vec3'
C:\Users\mrina\OneDrive\Documents\Repositories\BabyPhoenix\PhysicsFramework\PhysicsFramework\HelloWorld\Matrix.h(60,38): warning C4251: 'mat4::row1': class 'vec4' needs to have dll-interface to be used by clients of class 'mat4'
C:\Users\mrina\OneDrive\Documents\Repositories\BabyPhoenix\PhysicsFramework\PhysicsFramework\HelloWorld\Vector.h(66): message : see declaration of 'vec4'
C:\Users\mrina\OneDrive\Documents\Repositories\BabyPhoenix\PhysicsFramework\PhysicsFramework\HelloWorld\Matrix.h(61,38): warning C4251: 'mat4::row2': class 'vec4' needs to have dll-interface to be used by clients of class 'mat4'
C:\Users\mrina\OneDrive\Documents\Repositories\BabyPhoenix\PhysicsFramework\PhysicsFramework\HelloWorld\Vector.h(66): message : see declaration of 'vec4'
C:\Users\mrina\OneDrive\Documents\Repositories\BabyPhoenix\PhysicsFramework\PhysicsFramework\HelloWorld\Matrix.h(62,38): warning C4251: 'mat4::row3': class 'vec4' needs to have dll-interface to be used by clients of class 'mat4'
C:\Users\mrina\OneDrive\Documents\Repositories\BabyPhoenix\PhysicsFramework\PhysicsFramework\HelloWorld\Vector.h(66): message : see declaration of 'vec4'
C:\Users\mrina\OneDrive\Documents\Repositories\BabyPhoenix\PhysicsFramework\PhysicsFramework\HelloWorld\Matrix.h(63,38): warning C4251: 'mat4::row4': class 'vec4' needs to have dll-interface to be used by clients of class 'mat4'
C:\Users\mrina\OneDrive\Documents\Repositories\BabyPhoenix\PhysicsFramework\PhysicsFramework\HelloWorld\Vector.h(66): message : see declaration of 'vec4'
C:\Users\mrina\OneDrive\Documents\Repositories\BabyPhoenix\PhysicsFramework\PhysicsFramework\HelloWorld\Matrix.h(81,20): warning C4251: 'mat2::row1': class 'vec2' needs to have dll-interface to be used by clients of class 'mat2'
C:\Users\mrina\OneDrive\Documents\Repositories\BabyPhoenix\PhysicsFramework\PhysicsFramework\HelloWorld\Vector.h(7): message : see declaration of 'vec2'
C:\Users\mrina\OneDrive\Documents\Repositories\BabyPhoenix\PhysicsFramework\PhysicsFramework\HelloWorld\Matrix.h(82,20): warning C4251: 'mat2::row2': class 'vec2' needs to have dll-interface to be used by clients of class 'mat2'
C:\Users\mrina\OneDrive\Documents\Repositories\BabyPhoenix\PhysicsFramework\PhysicsFramework\HelloWorld\Vector.h(7): message : see declaration of 'vec2'
  Game.cpp
C:\Users\mrina\OneDrive\Documents\Repositories\BabyPhoenix\PhysicsFramework\PhysicsFramework\HelloWorld\Matrix.h(31,20): warning C4251: 'mat3::row1': class 'vec3' needs to have dll-interface to be used by clients of class 'mat3'
C:\Users\mrina\OneDrive\Documents\Repositories\BabyPhoenix\PhysicsFramework\PhysicsFramework\HelloWorld\Vector.h(40): message : see declaration of 'vec3'
C:\Users\mrina\OneDrive\Documents\Repositories\BabyPhoenix\PhysicsFramework\PhysicsFramework\HelloWorld\Matrix.h(32,20): warning C4251: 'mat3::row2': class 'vec3' needs to have dll-interface to be used by clients of class 'mat3'
C:\Users\mrina\OneDrive\Documents\Repositories\BabyPhoenix\PhysicsFramework\PhysicsFramework\HelloWorld\Vector.h(40): message : see declaration of 'vec3'
C:\Users\mrina\OneDrive\Documents\Repositories\BabyPhoenix\PhysicsFramework\PhysicsFramework\HelloWorld\Matrix.h(33,20): warning C4251: 'mat3::row3': class 'vec3' needs to have dll-interface to be used by clients of class 'mat3'
C:\Users\mrina\OneDrive\Documents\Repositories\BabyPhoenix\PhysicsFramework\PhysicsFramework\HelloWorld\Vector.h(40): message : see declaration of 'vec3'
C:\Users\mrina\OneDrive\Documents\Repositories\BabyPhoenix\PhysicsFramework\PhysicsFramework\HelloWorld\Matrix.h(60,38): warning C4251: 'mat4::row1': class 'vec4' needs to have dll-interface to be used by clients of class 'mat4'
C:\Users\mrina\OneDrive\Documents\Repositories\BabyPhoenix\PhysicsFramework\PhysicsFramework\HelloWorld\Vector.h(66): message : see declaration of 'vec4'
C:\Users\mrina\OneDrive\Documents\Repositories\BabyPhoenix\PhysicsFramework\PhysicsFramework\HelloWorld\Matrix.h(61,38): warning C4251: 'mat4::row2': class 'vec4' needs to have dll-interface to be used by clients of class 'mat4'
C:\Users\mrina\OneDrive\Documents\Repositories\BabyPhoenix\PhysicsFramework\PhysicsFramework\HelloWorld\Vector.h(66): message : see declaration of 'vec4'
C:\Users\mrina\OneDrive\Documents\Repositories\BabyPhoenix\PhysicsFramework\PhysicsFramework\HelloWorld\Matrix.h(62,38): warning C4251: 'mat4::row3': class 'vec4' needs to have dll-interface to be used by clients of class 'mat4'
C:\Users\mrina\OneDrive\Documents\Repositories\BabyPhoenix\PhysicsFramework\PhysicsFramework\HelloWorld\Vector.h(66): message : see declaration of 'vec4'
C:\Users\mrina\OneDrive\Documents\Repositories\BabyPhoenix\PhysicsFramework\PhysicsFramework\HelloWorld\Matrix.h(63,38): warning C4251: 'mat4::row4': class 'vec4' needs to have dll-interface to be used by clients of class 'mat4'
C:\Users\mrina\OneDrive\Documents\Repositories\BabyPhoenix\PhysicsFramework\PhysicsFramework\HelloWorld\Vector.h(66): message : see declaration of 'vec4'
C:\Users\mrina\OneDrive\Documents\Repositories\BabyPhoenix\PhysicsFramework\PhysicsFramework\HelloWorld\Matrix.h(81,20): warning C4251: 'mat2::row1': class 'vec2' needs to have dll-interface to be used by clients of class 'mat2'
C:\Users\mrina\OneDrive\Documents\Repositories\BabyPhoenix\PhysicsFramework\PhysicsFramework\HelloWorld\Vector.h(7): message : see declaration of 'vec2'
C:\Users\mrina\OneDrive\Documents\Repositories\BabyPhoenix\PhysicsFramework\PhysicsFramework\HelloWorld\Matrix.h(82,20): warning C4251: 'mat2::row2': class 'vec2' needs to have dll-interface to be used by clients of class 'mat2'
C:\Users\mrina\OneDrive\Documents\Repositories\BabyPhoenix\PhysicsFramework\PhysicsFramework\HelloWorld\Vector.h(7): message : see declaration of 'vec2'
C:\Users\mrina\OneDrive\Documents\Repositories\BabyPhoenix\PhysicsFramework\PhysicsFramework\HelloWorld\Game.cpp(120,22): warning C4305: 'initializing': truncation from 'double' to 'float'
C:\Users\mrina\OneDrive\Documents\Repositories\BabyPhoenix\PhysicsFramework\PhysicsFramework\HelloWorld\Game.cpp(436,39): warning C4311: 'type cast': pointer truncation from 'void *' to 'int'
C:\Users\mrina\OneDrive\Documents\Repositories\BabyPhoenix\PhysicsFramework\PhysicsFramework\HelloWorld\Game.cpp(436,39): warning C4302: 'type cast': truncation from 'void *' to 'int'
C:\Users\mrina\OneDrive\Documents\Repositories\BabyPhoenix\PhysicsFramework\PhysicsFramework\HelloWorld\Game.cpp(437,39): warning C4311: 'type cast': pointer truncation from 'void *' to 'int'
C:\Users\mrina\OneDrive\Documents\Repositories\BabyPhoenix\PhysicsFramework\PhysicsFramework\HelloWorld\Game.cpp(437,39): warning C4302: 'type cast': truncation from 'void *' to 'int'
C:\Users\mrina\OneDrive\Documents\Repositories\BabyPhoenix\PhysicsFramework\PhysicsFramework\HelloWorld\Game.cpp(467,39): warning C4311: 'type cast': pointer truncation from 'void *' to 'int'
C:\Users\mrina\OneDrive\Documents\Repositories\BabyPhoenix\PhysicsFramework\PhysicsFramework\HelloWorld\Game.cpp(467,39): warning C4302: 'type cast': truncation from 'void *' to 'int'
C:\Users\mrina\OneDrive\Documents\Repositories\BabyPhoenix\PhysicsFramework\PhysicsFramework\HelloWorld\Game.cpp(468,39): warning C4311: 'type cast': pointer truncation from 'void *' to 'int'
C:\Users\mrina\OneDrive\Documents\Repositories\BabyPhoenix\PhysicsFramework\PhysicsFramework\HelloWorld\Game.cpp(468,39): warning C4302: 'type cast': truncation from 'void *' to 'int'
  HelloWorld.cpp
C:\Users\mrina\OneDrive\Documents\Repositories\BabyPhoenix\PhysicsFramework\PhysicsFramework\HelloWorld\Matrix.h(31,20): warning C4251: 'mat3::row1': class 'vec3' needs to have dll-interface to be used by clients of class 'mat3'
C:\Users\mrina\OneDrive\Documents\Repositories\BabyPhoenix\PhysicsFramework\PhysicsFramework\HelloWorld\Vector.h(40): message : see declaration of 'vec3'
C:\Users\mrina\OneDrive\Documents\Repositories\BabyPhoenix\PhysicsFramework\PhysicsFramework\HelloWorld\Matrix.h(32,20): warning C4251: 'mat3::row2': class 'vec3' needs to have dll-interface to be used by clients of class 'mat3'
C:\Users\mrina\OneDrive\Documents\Repositories\BabyPhoenix\PhysicsFramework\PhysicsFramework\HelloWorld\Vector.h(40): message : see declaration of 'vec3'
C:\Users\mrina\OneDrive\Documents\Repositories\BabyPhoenix\PhysicsFramework\PhysicsFramework\HelloWorld\Matrix.h(33,20): warning C4251: 'mat3::row3': class 'vec3' needs to have dll-interface to be used by clients of class 'mat3'
C:\Users\mrina\OneDrive\Documents\Repositories\BabyPhoenix\PhysicsFramework\PhysicsFramework\HelloWorld\Vector.h(40): message : see declaration of 'vec3'
C:\Users\mrina\OneDrive\Documents\Repositories\BabyPhoenix\PhysicsFramework\PhysicsFramework\HelloWorld\Matrix.h(60,38): warning C4251: 'mat4::row1': class 'vec4' needs to have dll-interface to be used by clients of class 'mat4'
C:\Users\mrina\OneDrive\Documents\Repositories\BabyPhoenix\PhysicsFramework\PhysicsFramework\HelloWorld\Vector.h(66): message : see declaration of 'vec4'
C:\Users\mrina\OneDrive\Documents\Repositories\BabyPhoenix\PhysicsFramework\PhysicsFramework\HelloWorld\Matrix.h(61,38): warning C4251: 'mat4::row2': class 'vec4' needs to have dll-interface to be used by clients of class 'mat4'
C:\Users\mrina\OneDrive\Documents\Repositories\BabyPhoenix\PhysicsFramework\PhysicsFramework\HelloWorld\Vector.h(66): message : see declaration of 'vec4'
C:\Users\mrina\OneDrive\Documents\Repositories\BabyPhoenix\PhysicsFramework\PhysicsFramework\HelloWorld\Matrix.h(62,38): warning C4251: 'mat4::row3': class 'vec4' needs to have dll-interface to be used by clients of class 'mat4'
C:\Users\mrina\OneDrive\Documents\Repositories\BabyPhoenix\PhysicsFramework\PhysicsFramework\HelloWorld\Vector.h(66): message : see declaration of 'vec4'
C:\Users\mrina\OneDrive\Documents\Repositories\BabyPhoenix\PhysicsFramework\PhysicsFramework\HelloWorld\Matrix.h(63,38): warning C4251: 'mat4::row4': class 'vec4' needs to have dll-interface to be used by clients of class 'mat4'
C:\Users\mrina\OneDrive\Documents\Repositories\BabyPhoenix\PhysicsFramework\PhysicsFramework\HelloWorld\Vector.h(66): message : see declaration of 'vec4'
C:\Users\mrina\OneDrive\Documents\Repositories\BabyPhoenix\PhysicsFramework\PhysicsFramework\HelloWorld\Matrix.h(81,20): warning C4251: 'mat2::row1': class 'vec2' needs to have dll-interface to be used by clients of class 'mat2'
C:\Users\mrina\OneDrive\Documents\Repositories\BabyPhoenix\PhysicsFramework\PhysicsFramework\HelloWorld\Vector.h(7): message : see declaration of 'vec2'
C:\Users\mrina\OneDrive\Documents\Repositories\BabyPhoenix\PhysicsFramework\PhysicsFramework\HelloWorld\Matrix.h(82,20): warning C4251: 'mat2::row2': class 'vec2' needs to have dll-interface to be used by clients of class 'mat2'
C:\Users\mrina\OneDrive\Documents\Repositories\BabyPhoenix\PhysicsFramework\PhysicsFramework\HelloWorld\Vector.h(7): message : see declaration of 'vec2'
  HorizontalScroll.cpp
C:\Users\mrina\OneDrive\Documents\Repositories\BabyPhoenix\PhysicsFramework\PhysicsFramework\HelloWorld\Matrix.h(31,20): warning C4251: 'mat3::row1': class 'vec3' needs to have dll-interface to be used by clients of class 'mat3'
C:\Users\mrina\OneDrive\Documents\Repositories\BabyPhoenix\PhysicsFramework\PhysicsFramework\HelloWorld\Vector.h(40): message : see declaration of 'vec3'
C:\Users\mrina\OneDrive\Documents\Repositories\BabyPhoenix\PhysicsFramework\PhysicsFramework\HelloWorld\Matrix.h(32,20): warning C4251: 'mat3::row2': class 'vec3' needs to have dll-interface to be used by clients of class 'mat3'
C:\Users\mrina\OneDrive\Documents\Repositories\BabyPhoenix\PhysicsFramework\PhysicsFramework\HelloWorld\Vector.h(40): message : see declaration of 'vec3'
C:\Users\mrina\OneDrive\Documents\Repositories\BabyPhoenix\PhysicsFramework\PhysicsFramework\HelloWorld\Matrix.h(33,20): warning C4251: 'mat3::row3': class 'vec3' needs to have dll-interface to be used by clients of class 'mat3'
C:\Users\mrina\OneDrive\Documents\Repositories\BabyPhoenix\PhysicsFramework\PhysicsFramework\HelloWorld\Vector.h(40): message : see declaration of 'vec3'
C:\Users\mrina\OneDrive\Documents\Repositories\BabyPhoenix\PhysicsFramework\PhysicsFramework\HelloWorld\Matrix.h(60,38): warning C4251: 'mat4::row1': class 'vec4' needs to have dll-interface to be used by clients of class 'mat4'
C:\Users\mrina\OneDrive\Documents\Repositories\BabyPhoenix\PhysicsFramework\PhysicsFramework\HelloWorld\Vector.h(66): message : see declaration of 'vec4'
C:\Users\mrina\OneDrive\Documents\Repositories\BabyPhoenix\PhysicsFramework\PhysicsFramework\HelloWorld\Matrix.h(61,38): warning C4251: 'mat4::row2': class 'vec4' needs to have dll-interface to be used by clients of class 'mat4'
C:\Users\mrina\OneDrive\Documents\Repositories\BabyPhoenix\PhysicsFramework\PhysicsFramework\HelloWorld\Vector.h(66): message : see declaration of 'vec4'
C:\Users\mrina\OneDrive\Documents\Repositories\BabyPhoenix\PhysicsFramework\PhysicsFramework\HelloWorld\Matrix.h(62,38): warning C4251: 'mat4::row3': class 'vec4' needs to have dll-interface to be used by clients of class 'mat4'
C:\Users\mrina\OneDrive\Documents\Repositories\BabyPhoenix\PhysicsFramework\PhysicsFramework\HelloWorld\Vector.h(66): message : see declaration of 'vec4'
C:\Users\mrina\OneDrive\Documents\Repositories\BabyPhoenix\PhysicsFramework\PhysicsFramework\HelloWorld\Matrix.h(63,38): warning C4251: 'mat4::row4': class 'vec4' needs to have dll-interface to be used by clients of class 'mat4'
C:\Users\mrina\OneDrive\Documents\Repositories\BabyPhoenix\PhysicsFramework\PhysicsFramework\HelloWorld\Vector.h(66): message : see declaration of 'vec4'
C:\Users\mrina\OneDrive\Documents\Repositories\BabyPhoenix\PhysicsFramework\PhysicsFramework\HelloWorld\Matrix.h(81,20): warning C4251: 'mat2::row1': class 'vec2' needs to have dll-interface to be used by clients of class 'mat2'
C:\Users\mrina\OneDrive\Documents\Repositories\BabyPhoenix\PhysicsFramework\PhysicsFramework\HelloWorld\Vector.h(7): message : see declaration of 'vec2'
C:\Users\mrina\OneDrive\Documents\Repositories\BabyPhoenix\PhysicsFramework\PhysicsFramework\HelloWorld\Matrix.h(82,20): warning C4251: 'mat2::row2': class 'vec2' needs to have dll-interface to be used by clients of class 'mat2'
C:\Users\mrina\OneDrive\Documents\Repositories\BabyPhoenix\PhysicsFramework\PhysicsFramework\HelloWorld\Vector.h(7): message : see declaration of 'vec2'
  Physics_System.cpp
C:\Users\mrina\OneDrive\Documents\Repositories\BabyPhoenix\PhysicsFramework\PhysicsFramework\HelloWorld\Matrix.h(31,20): warning C4251: 'mat3::row1': class 'vec3' needs to have dll-interface to be used by clients of class 'mat3'
C:\Users\mrina\OneDrive\Documents\Repositories\BabyPhoenix\PhysicsFramework\PhysicsFramework\HelloWorld\Vector.h(40): message : see declaration of 'vec3'
C:\Users\mrina\OneDrive\Documents\Repositories\BabyPhoenix\PhysicsFramework\PhysicsFramework\HelloWorld\Matrix.h(32,20): warning C4251: 'mat3::row2': class 'vec3' needs to have dll-interface to be used by clients of class 'mat3'
C:\Users\mrina\OneDrive\Documents\Repositories\BabyPhoenix\PhysicsFramework\PhysicsFramework\HelloWorld\Vector.h(40): message : see declaration of 'vec3'
C:\Users\mrina\OneDrive\Documents\Repositories\BabyPhoenix\PhysicsFramework\PhysicsFramework\HelloWorld\Matrix.h(33,20): warning C4251: 'mat3::row3': class 'vec3' needs to have dll-interface to be used by clients of class 'mat3'
C:\Users\mrina\OneDrive\Documents\Repositories\BabyPhoenix\PhysicsFramework\PhysicsFramework\HelloWorld\Vector.h(40): message : see declaration of 'vec3'
C:\Users\mrina\OneDrive\Documents\Repositories\BabyPhoenix\PhysicsFramework\PhysicsFramework\HelloWorld\Matrix.h(60,38): warning C4251: 'mat4::row1': class 'vec4' needs to have dll-interface to be used by clients of class 'mat4'
C:\Users\mrina\OneDrive\Documents\Repositories\BabyPhoenix\PhysicsFramework\PhysicsFramework\HelloWorld\Vector.h(66): message : see declaration of 'vec4'
C:\Users\mrina\OneDrive\Documents\Repositories\BabyPhoenix\PhysicsFramework\PhysicsFramework\HelloWorld\Matrix.h(61,38): warning C4251: 'mat4::row2': class 'vec4' needs to have dll-interface to be used by clients of class 'mat4'
C:\Users\mrina\OneDrive\Documents\Repositories\BabyPhoenix\PhysicsFramework\PhysicsFramework\HelloWorld\Vector.h(66): message : see declaration of 'vec4'
C:\Users\mrina\OneDrive\Documents\Repositories\BabyPhoenix\PhysicsFramework\PhysicsFramework\HelloWorld\Matrix.h(62,38): warning C4251: 'mat4::row3': class 'vec4' needs to have dll-interface to be used by clients of class 'mat4'
C:\Users\mrina\OneDrive\Documents\Repositories\BabyPhoenix\PhysicsFramework\PhysicsFramework\HelloWorld\Vector.h(66): message : see declaration of 'vec4'
C:\Users\mrina\OneDrive\Documents\Repositories\BabyPhoenix\PhysicsFramework\PhysicsFramework\HelloWorld\Matrix.h(63,38): warning C4251: 'mat4::row4': class 'vec4' needs to have dll-interface to be used by clients of class 'mat4'
C:\Users\mrina\OneDrive\Documents\Repositories\BabyPhoenix\PhysicsFramework\PhysicsFramework\HelloWorld\Vector.h(66): message : see declaration of 'vec4'
C:\Users\mrina\OneDrive\Documents\Repositories\BabyPhoenix\PhysicsFramework\PhysicsFramework\HelloWorld\Matrix.h(81,20): warning C4251: 'mat2::row1': class 'vec2' needs to have dll-interface to be used by clients of class 'mat2'
C:\Users\mrina\OneDrive\Documents\Repositories\BabyPhoenix\PhysicsFramework\PhysicsFramework\HelloWorld\Vector.h(7): message : see declaration of 'vec2'
C:\Users\mrina\OneDrive\Documents\Repositories\BabyPhoenix\PhysicsFramework\PhysicsFramework\HelloWorld\Matrix.h(82,20): warning C4251: 'mat2::row2': class 'vec2' needs to have dll-interface to be used by clients of class 'mat2'
C:\Users\mrina\OneDrive\Documents\Repositories\BabyPhoenix\PhysicsFramework\PhysicsFramework\HelloWorld\Vector.h(7): message : see declaration of 'vec2'
  RenderingSystem.cpp
C:\Users\mrina\OneDrive\Documents\Repositories\BabyPhoenix\PhysicsFramework\PhysicsFramework\HelloWorld\Matrix.h(31,20): warning C4251: 'mat3::row1': class 'vec3' needs to have dll-interface to be used by clients of class 'mat3'
C:\Users\mrina\OneDrive\Documents\Repositories\BabyPhoenix\PhysicsFramework\PhysicsFramework\HelloWorld\Vector.h(40): message : see declaration of 'vec3'
C:\Users\mrina\OneDrive\Documents\Repositories\BabyPhoenix\PhysicsFramework\PhysicsFramework\HelloWorld\Matrix.h(32,20): warning C4251: 'mat3::row2': class 'vec3' needs to have dll-interface to be used by clients of class 'mat3'
C:\Users\mrina\OneDrive\Documents\Repositories\BabyPhoenix\PhysicsFramework\PhysicsFramework\HelloWorld\Vector.h(40): message : see declaration of 'vec3'
C:\Users\mrina\OneDrive\Documents\Repositories\BabyPhoenix\PhysicsFramework\PhysicsFramework\HelloWorld\Matrix.h(33,20): warning C4251: 'mat3::row3': class 'vec3' needs to have dll-interface to be used by clients of class 'mat3'
C:\Users\mrina\OneDrive\Documents\Repositories\BabyPhoenix\PhysicsFramework\PhysicsFramework\HelloWorld\Vector.h(40): message : see declaration of 'vec3'
C:\Users\mrina\OneDrive\Documents\Repositories\BabyPhoenix\PhysicsFramework\PhysicsFramework\HelloWorld\Matrix.h(60,38): warning C4251: 'mat4::row1': class 'vec4' needs to have dll-interface to be used by clients of class 'mat4'
C:\Users\mrina\OneDrive\Documents\Repositories\BabyPhoenix\PhysicsFramework\PhysicsFramework\HelloWorld\Vector.h(66): message : see declaration of 'vec4'
C:\Users\mrina\OneDrive\Documents\Repositories\BabyPhoenix\PhysicsFramework\PhysicsFramework\HelloWorld\Matrix.h(61,38): warning C4251: 'mat4::row2': class 'vec4' needs to have dll-interface to be used by clients of class 'mat4'
C:\Users\mrina\OneDrive\Documents\Repositories\BabyPhoenix\PhysicsFramework\PhysicsFramework\HelloWorld\Vector.h(66): message : see declaration of 'vec4'
C:\Users\mrina\OneDrive\Documents\Repositories\BabyPhoenix\PhysicsFramework\PhysicsFramework\HelloWorld\Matrix.h(62,38): warning C4251: 'mat4::row3': class 'vec4' needs to have dll-interface to be used by clients of class 'mat4'
C:\Users\mrina\OneDrive\Documents\Repositories\BabyPhoenix\PhysicsFramework\PhysicsFramework\HelloWorld\Vector.h(66): message : see declaration of 'vec4'
C:\Users\mrina\OneDrive\Documents\Repositories\BabyPhoenix\PhysicsFramework\PhysicsFramework\HelloWorld\Matrix.h(63,38): warning C4251: 'mat4::row4': class 'vec4' needs to have dll-interface to be used by clients of class 'mat4'
C:\Users\mrina\OneDrive\Documents\Repositories\BabyPhoenix\PhysicsFramework\PhysicsFramework\HelloWorld\Vector.h(66): message : see declaration of 'vec4'
C:\Users\mrina\OneDrive\Documents\Repositories\BabyPhoenix\PhysicsFramework\PhysicsFramework\HelloWorld\Matrix.h(81,20): warning C4251: 'mat2::row1': class 'vec2' needs to have dll-interface to be used by clients of class 'mat2'
C:\Users\mrina\OneDrive\Documents\Repositories\BabyPhoenix\PhysicsFramework\PhysicsFramework\HelloWorld\Vector.h(7): message : see declaration of 'vec2'
C:\Users\mrina\OneDrive\Documents\Repositories\BabyPhoenix\PhysicsFramework\PhysicsFramework\HelloWorld\Matrix.h(82,20): warning C4251: 'mat2::row2': class 'vec2' needs to have dll-interface to be used by clients of class 'mat2'
C:\Users\mrina\OneDrive\Documents\Repositories\BabyPhoenix\PhysicsFramework\PhysicsFramework\HelloWorld\Vector.h(7): message : see declaration of 'vec2'
  Scene.cpp
C:\Users\mrina\OneDrive\Documents\Repositories\BabyPhoenix\PhysicsFramework\PhysicsFramework\HelloWorld\Matrix.h(31,20): warning C4251: 'mat3::row1': class 'vec3' needs to have dll-interface to be used by clients of class 'mat3'
C:\Users\mrina\OneDrive\Documents\Repositories\BabyPhoenix\PhysicsFramework\PhysicsFramework\HelloWorld\Vector.h(40): message : see declaration of 'vec3'
C:\Users\mrina\OneDrive\Documents\Repositories\BabyPhoenix\PhysicsFramework\PhysicsFramework\HelloWorld\Matrix.h(32,20): warning C4251: 'mat3::row2': class 'vec3' needs to have dll-interface to be used by clients of class 'mat3'
C:\Users\mrina\OneDrive\Documents\Repositories\BabyPhoenix\PhysicsFramework\PhysicsFramework\HelloWorld\Vector.h(40): message : see declaration of 'vec3'
C:\Users\mrina\OneDrive\Documents\Repositories\BabyPhoenix\PhysicsFramework\PhysicsFramework\HelloWorld\Matrix.h(33,20): warning C4251: 'mat3::row3': class 'vec3' needs to have dll-interface to be used by clients of class 'mat3'
C:\Users\mrina\OneDrive\Documents\Repositories\BabyPhoenix\PhysicsFramework\PhysicsFramework\HelloWorld\Vector.h(40): message : see declaration of 'vec3'
C:\Users\mrina\OneDrive\Documents\Repositories\BabyPhoenix\PhysicsFramework\PhysicsFramework\HelloWorld\Matrix.h(60,38): warning C4251: 'mat4::row1': class 'vec4' needs to have dll-interface to be used by clients of class 'mat4'
C:\Users\mrina\OneDrive\Documents\Repositories\BabyPhoenix\PhysicsFramework\PhysicsFramework\HelloWorld\Vector.h(66): message : see declaration of 'vec4'
C:\Users\mrina\OneDrive\Documents\Repositories\BabyPhoenix\PhysicsFramework\PhysicsFramework\HelloWorld\Matrix.h(61,38): warning C4251: 'mat4::row2': class 'vec4' needs to have dll-interface to be used by clients of class 'mat4'
C:\Users\mrina\OneDrive\Documents\Repositories\BabyPhoenix\PhysicsFramework\PhysicsFramework\HelloWorld\Vector.h(66): message : see declaration of 'vec4'
C:\Users\mrina\OneDrive\Documents\Repositories\BabyPhoenix\PhysicsFramework\PhysicsFramework\HelloWorld\Matrix.h(62,38): warning C4251: 'mat4::row3': class 'vec4' needs to have dll-interface to be used by clients of class 'mat4'
C:\Users\mrina\OneDrive\Documents\Repositories\BabyPhoenix\PhysicsFramework\PhysicsFramework\HelloWorld\Vector.h(66): message : see declaration of 'vec4'
C:\Users\mrina\OneDrive\Documents\Repositories\BabyPhoenix\PhysicsFramework\PhysicsFramework\HelloWorld\Matrix.h(63,38): warning C4251: 'mat4::row4': class 'vec4' needs to have dll-interface to be used by clients of class 'mat4'
C:\Users\mrina\OneDrive\Documents\Repositories\BabyPhoenix\PhysicsFramework\PhysicsFramework\HelloWorld\Vector.h(66): message : see declaration of 'vec4'
C:\Users\mrina\OneDrive\Documents\Repositories\BabyPhoenix\PhysicsFramework\PhysicsFramework\HelloWorld\Matrix.h(81,20): warning C4251: 'mat2::row1': class 'vec2' needs to have dll-interface to be used by clients of class 'mat2'
C:\Users\mrina\OneDrive\Documents\Repositories\BabyPhoenix\PhysicsFramework\PhysicsFramework\HelloWorld\Vector.h(7): message : see declaration of 'vec2'
C:\Users\mrina\OneDrive\Documents\Repositories\BabyPhoenix\PhysicsFramework\PhysicsFramework\HelloWorld\Matrix.h(82,20): warning C4251: 'mat2::row2': class 'vec2' needs to have dll-interface to be used by clients of class 'mat2'
C:\Users\mrina\OneDrive\Documents\Repositories\BabyPhoenix\PhysicsFramework\PhysicsFramework\HelloWorld\Vector.h(7): message : see declaration of 'vec2'
  SceneEditor.cpp
C:\Users\mrina\OneDrive\Documents\Repositories\BabyPhoenix\PhysicsFramework\PhysicsFramework\HelloWorld\Matrix.h(31,20): warning C4251: 'mat3::row1': class 'vec3' needs to have dll-interface to be used by clients of class 'mat3'
C:\Users\mrina\OneDrive\Documents\Repositories\BabyPhoenix\PhysicsFramework\PhysicsFramework\HelloWorld\Vector.h(40): message : see declaration of 'vec3'
C:\Users\mrina\OneDrive\Documents\Repositories\BabyPhoenix\PhysicsFramework\PhysicsFramework\HelloWorld\Matrix.h(32,20): warning C4251: 'mat3::row2': class 'vec3' needs to have dll-interface to be used by clients of class 'mat3'
C:\Users\mrina\OneDrive\Documents\Repositories\BabyPhoenix\PhysicsFramework\PhysicsFramework\HelloWorld\Vector.h(40): message : see declaration of 'vec3'
C:\Users\mrina\OneDrive\Documents\Repositories\BabyPhoenix\PhysicsFramework\PhysicsFramework\HelloWorld\Matrix.h(33,20): warning C4251: 'mat3::row3': class 'vec3' needs to have dll-interface to be used by clients of class 'mat3'
C:\Users\mrina\OneDrive\Documents\Repositories\BabyPhoenix\PhysicsFramework\PhysicsFramework\HelloWorld\Vector.h(40): message : see declaration of 'vec3'
C:\Users\mrina\OneDrive\Documents\Repositories\BabyPhoenix\PhysicsFramework\PhysicsFramework\HelloWorld\Matrix.h(60,38): warning C4251: 'mat4::row1': class 'vec4' needs to have dll-interface to be used by clients of class 'mat4'
C:\Users\mrina\OneDrive\Documents\Repositories\BabyPhoenix\PhysicsFramework\PhysicsFramework\HelloWorld\Vector.h(66): message : see declaration of 'vec4'
C:\Users\mrina\OneDrive\Documents\Repositories\BabyPhoenix\PhysicsFramework\PhysicsFramework\HelloWorld\Matrix.h(61,38): warning C4251: 'mat4::row2': class 'vec4' needs to have dll-interface to be used by clients of class 'mat4'
C:\Users\mrina\OneDrive\Documents\Repositories\BabyPhoenix\PhysicsFramework\PhysicsFramework\HelloWorld\Vector.h(66): message : see declaration of 'vec4'
C:\Users\mrina\OneDrive\Documents\Repositories\BabyPhoenix\PhysicsFramework\PhysicsFramework\HelloWorld\Matrix.h(62,38): warning C4251: 'mat4::row3': class 'vec4' needs to have dll-interface to be used by clients of class 'mat4'
C:\Users\mrina\OneDrive\Documents\Repositories\BabyPhoenix\PhysicsFramework\PhysicsFramework\HelloWorld\Vector.h(66): message : see declaration of 'vec4'
C:\Users\mrina\OneDrive\Documents\Repositories\BabyPhoenix\PhysicsFramework\PhysicsFramework\HelloWorld\Matrix.h(63,38): warning C4251: 'mat4::row4': class 'vec4' needs to have dll-interface to be used by clients of class 'mat4'
C:\Users\mrina\OneDrive\Documents\Repositories\BabyPhoenix\PhysicsFramework\PhysicsFramework\HelloWorld\Vector.h(66): message : see declaration of 'vec4'
C:\Users\mrina\OneDrive\Documents\Repositories\BabyPhoenix\PhysicsFramework\PhysicsFramework\HelloWorld\Matrix.h(81,20): warning C4251: 'mat2::row1': class 'vec2' needs to have dll-interface to be used by clients of class 'mat2'
C:\Users\mrina\OneDrive\Documents\Repositories\BabyPhoenix\PhysicsFramework\PhysicsFramework\HelloWorld\Vector.h(7): message : see declaration of 'vec2'
C:\Users\mrina\OneDrive\Documents\Repositories\BabyPhoenix\PhysicsFramework\PhysicsFramework\HelloWorld\Matrix.h(82,20): warning C4251: 'mat2::row2': class 'vec2' needs to have dll-interface to be used by clients of class 'mat2'
C:\Users\mrina\OneDrive\Documents\Repositories\BabyPhoenix\PhysicsFramework\PhysicsFramework\HelloWorld\Vector.h(7): message : see declaration of 'vec2'
  VerticalScroll.cpp
C:\Users\mrina\OneDrive\Documents\Repositories\BabyPhoenix\PhysicsFramework\PhysicsFramework\HelloWorld\Matrix.h(31,20): warning C4251: 'mat3::row1': class 'vec3' needs to have dll-interface to be used by clients of class 'mat3'
C:\Users\mrina\OneDrive\Documents\Repositories\BabyPhoenix\PhysicsFramework\PhysicsFramework\HelloWorld\Vector.h(40): message : see declaration of 'vec3'
C:\Users\mrina\OneDrive\Documents\Repositories\BabyPhoenix\PhysicsFramework\PhysicsFramework\HelloWorld\Matrix.h(32,20): warning C4251: 'mat3::row2': class 'vec3' needs to have dll-interface to be used by clients of class 'mat3'
C:\Users\mrina\OneDrive\Documents\Repositories\BabyPhoenix\PhysicsFramework\PhysicsFramework\HelloWorld\Vector.h(40): message : see declaration of 'vec3'
C:\Users\mrina\OneDrive\Documents\Repositories\BabyPhoenix\PhysicsFramework\PhysicsFramework\HelloWorld\Matrix.h(33,20): warning C4251: 'mat3::row3': class 'vec3' needs to have dll-interface to be used by clients of class 'mat3'
C:\Users\mrina\OneDrive\Documents\Repositories\BabyPhoenix\PhysicsFramework\PhysicsFramework\HelloWorld\Vector.h(40): message : see declaration of 'vec3'
C:\Users\mrina\OneDrive\Documents\Repositories\BabyPhoenix\PhysicsFramework\PhysicsFramework\HelloWorld\Matrix.h(60,38): warning C4251: 'mat4::row1': class 'vec4' needs to have dll-interface to be used by clients of class 'mat4'
C:\Users\mrina\OneDrive\Documents\Repositories\BabyPhoenix\PhysicsFramework\PhysicsFramework\HelloWorld\Vector.h(66): message : see declaration of 'vec4'
C:\Users\mrina\OneDrive\Documents\Repositories\BabyPhoenix\PhysicsFramework\PhysicsFramework\HelloWorld\Matrix.h(61,38): warning C4251: 'mat4::row2': class 'vec4' needs to have dll-interface to be used by clients of class 'mat4'
C:\Users\mrina\OneDrive\Documents\Repositories\BabyPhoenix\PhysicsFramework\PhysicsFramework\HelloWorld\Vector.h(66): message : see declaration of 'vec4'
C:\Users\mrina\OneDrive\Documents\Repositories\BabyPhoenix\PhysicsFramework\PhysicsFramework\HelloWorld\Matrix.h(62,38): warning C4251: 'mat4::row3': class 'vec4' needs to have dll-interface to be used by clients of class 'mat4'
C:\Users\mrina\OneDrive\Documents\Repositories\BabyPhoenix\PhysicsFramework\PhysicsFramework\HelloWorld\Vector.h(66): message : see declaration of 'vec4'
C:\Users\mrina\OneDrive\Documents\Repositories\BabyPhoenix\PhysicsFramework\PhysicsFramework\HelloWorld\Matrix.h(63,38): warning C4251: 'mat4::row4': class 'vec4' needs to have dll-interface to be used by clients of class 'mat4'
C:\Users\mrina\OneDrive\Documents\Repositories\BabyPhoenix\PhysicsFramework\PhysicsFramework\HelloWorld\Vector.h(66): message : see declaration of 'vec4'
C:\Users\mrina\OneDrive\Documents\Repositories\BabyPhoenix\PhysicsFramework\PhysicsFramework\HelloWorld\Matrix.h(81,20): warning C4251: 'mat2::row1': class 'vec2' needs to have dll-interface to be used by clients of class 'mat2'
C:\Users\mrina\OneDrive\Documents\Repositories\BabyPhoenix\PhysicsFramework\PhysicsFramework\HelloWorld\Vector.h(7): message : see declaration of 'vec2'
C:\Users\mrina\OneDrive\Documents\Repositories\BabyPhoenix\PhysicsFramework\PhysicsFramework\HelloWorld\Matrix.h(82,20): warning C4251: 'mat2::row2': class 'vec2' needs to have dll-interface to be used by clients of class 'mat2'
C:\Users\mrina\OneDrive\Documents\Repositories\BabyPhoenix\PhysicsFramework\PhysicsFramework\HelloWorld\Vector.h(7): message : see declaration of 'vec2'
  main.cpp
C:\Users\mrina\OneDrive\Documents\Repositories\BabyPhoenix\PhysicsFramework\PhysicsFramework\HelloWorld\Matrix.h(31,20): warning C4251: 'mat3::row1': class 'vec3' needs to have dll-interface to be used by clients of class 'mat3'
C:\Users\mrina\OneDrive\Documents\Repositories\BabyPhoenix\PhysicsFramework\PhysicsFramework\HelloWorld\Vector.h(40): message : see declaration of 'vec3'
C:\Users\mrina\OneDrive\Documents\Repositories\BabyPhoenix\PhysicsFramework\PhysicsFramework\HelloWorld\Matrix.h(32,20): warning C4251: 'mat3::row2': class 'vec3' needs to have dll-interface to be used by clients of class 'mat3'
C:\Users\mrina\OneDrive\Documents\Repositories\BabyPhoenix\PhysicsFramework\PhysicsFramework\HelloWorld\Vector.h(40): message : see declaration of 'vec3'
C:\Users\mrina\OneDrive\Documents\Repositories\BabyPhoenix\PhysicsFramework\PhysicsFramework\HelloWorld\Matrix.h(33,20): warning C4251: 'mat3::row3': class 'vec3' needs to have dll-interface to be used by clients of class 'mat3'
C:\Users\mrina\OneDrive\Documents\Repositories\BabyPhoenix\PhysicsFramework\PhysicsFramework\HelloWorld\Vector.h(40): message : see declaration of 'vec3'
C:\Users\mrina\OneDrive\Documents\Repositories\BabyPhoenix\PhysicsFramework\PhysicsFramework\HelloWorld\Matrix.h(60,38): warning C4251: 'mat4::row1': class 'vec4' needs to have dll-interface to be used by clients of class 'mat4'
C:\Users\mrina\OneDrive\Documents\Repositories\BabyPhoenix\PhysicsFramework\PhysicsFramework\HelloWorld\Vector.h(66): message : see declaration of 'vec4'
C:\Users\mrina\OneDrive\Documents\Repositories\BabyPhoenix\PhysicsFramework\PhysicsFramework\HelloWorld\Matrix.h(61,38): warning C4251: 'mat4::row2': class 'vec4' needs to have dll-interface to be used by clients of class 'mat4'
C:\Users\mrina\OneDrive\Documents\Repositories\BabyPhoenix\PhysicsFramework\PhysicsFramework\HelloWorld\Vector.h(66): message : see declaration of 'vec4'
C:\Users\mrina\OneDrive\Documents\Repositories\BabyPhoenix\PhysicsFramework\PhysicsFramework\HelloWorld\Matrix.h(62,38): warning C4251: 'mat4::row3': class 'vec4' needs to have dll-interface to be used by clients of class 'mat4'
C:\Users\mrina\OneDrive\Documents\Repositories\BabyPhoenix\PhysicsFramework\PhysicsFramework\HelloWorld\Vector.h(66): message : see declaration of 'vec4'
C:\Users\mrina\OneDrive\Documents\Repositories\BabyPhoenix\PhysicsFramework\PhysicsFramework\HelloWorld\Matrix.h(63,38): warning C4251: 'mat4::row4': class 'vec4' needs to have dll-interface to be used by clients of class 'mat4'
C:\Users\mrina\OneDrive\Documents\Repositories\BabyPhoenix\PhysicsFramework\PhysicsFramework\HelloWorld\Vector.h(66): message : see declaration of 'vec4'
C:\Users\mrina\OneDrive\Documents\Repositories\BabyPhoenix\PhysicsFramework\PhysicsFramework\HelloWorld\Matrix.h(81,20): warning C4251: 'mat2::row1': class 'vec2' needs to have dll-interface to be used by clients of class 'mat2'
C:\Users\mrina\OneDrive\Documents\Repositories\BabyPhoenix\PhysicsFramework\PhysicsFramework\HelloWorld\Vector.h(7): message : see declaration of 'vec2'
C:\Users\mrina\OneDrive\Documents\Repositories\BabyPhoenix\PhysicsFramework\PhysicsFramework\HelloWorld\Matrix.h(82,20): warning C4251: 'mat2::row2': class 'vec2' needs to have dll-interface to be used by clients of class 'mat2'
C:\Users\mrina\OneDrive\Documents\Repositories\BabyPhoenix\PhysicsFramework\PhysicsFramework\HelloWorld\Vector.h(7): message : see declaration of 'vec2'
  Generating Code...
  HelloWorld.vcxproj -> C:\Users\mrina\OneDrive\Documents\Repositories\BabyPhoenix\PhysicsFramework\PhysicsFramework\x64\Debug\HelloWorld.exe
